2019-05-07 14:55:19 116  [ERROR] [main] [o.s.b.SpringApplication:771] Application startup failed
org.springframework.beans.factory.UnsatisfiedDependencyException: Error creating bean with name 'org.springframework.boot.autoconfigure.kafka.KafkaAnnotationDrivenConfiguration': Unsatisfied dependency expressed through constructor parameter 0; nested exception is org.springframework.beans.factory.BeanCreationException: Error creating bean with name 'spring.kafka-org.springframework.boot.autoconfigure.kafka.KafkaProperties': Initialization of bean failed; nested exception is java.lang.NoClassDefFoundError: org/springframework/kafka/listener/AbstractMessageListenerContainer$AckMode
	at org.springframework.beans.factory.support.ConstructorResolver.createArgumentArray(ConstructorResolver.java:749)
	at org.springframework.beans.factory.support.ConstructorResolver.autowireConstructor(ConstructorResolver.java:189)
	at org.springframework.beans.factory.support.AbstractAutowireCapableBeanFactory.autowireConstructor(AbstractAutowireCapableBeanFactory.java:1198)
	at org.springframework.beans.factory.support.AbstractAutowireCapableBeanFactory.createBeanInstance(AbstractAutowireCapableBeanFactory.java:1100)
	at org.springframework.beans.factory.support.AbstractAutowireCapableBeanFactory.doCreateBean(AbstractAutowireCapableBeanFactory.java:511)
	at org.springframework.beans.factory.support.AbstractAutowireCapableBeanFactory.createBean(AbstractAutowireCapableBeanFactory.java:481)
	at org.springframework.beans.factory.support.AbstractBeanFactory$1.getObject(AbstractBeanFactory.java:312)
	at org.springframework.beans.factory.support.DefaultSingletonBeanRegistry.getSingleton(DefaultSingletonBeanRegistry.java:230)
	at org.springframework.beans.factory.support.AbstractBeanFactory.doGetBean(AbstractBeanFactory.java:308)
	at org.springframework.beans.factory.support.AbstractBeanFactory.getBean(AbstractBeanFactory.java:197)
	at org.springframework.beans.factory.support.DefaultListableBeanFactory.preInstantiateSingletons(DefaultListableBeanFactory.java:761)
	at org.springframework.context.support.AbstractApplicationContext.finishBeanFactoryInitialization(AbstractApplicationContext.java:867)
	at org.springframework.context.support.AbstractApplicationContext.refresh(AbstractApplicationContext.java:543)
	at org.springframework.boot.SpringApplication.refresh(SpringApplication.java:693)
	at org.springframework.boot.SpringApplication.refreshContext(SpringApplication.java:360)
	at org.springframework.boot.SpringApplication.run(SpringApplication.java:303)
	at org.springframework.boot.SpringApplication.run(SpringApplication.java:1118)
	at org.springframework.boot.SpringApplication.run(SpringApplication.java:1107)
	at com.kuainiu.mysqlsyncfunnel.SpringkafkaconsumerApplication.main(SpringkafkaconsumerApplication.java:13)
Caused by: org.springframework.beans.factory.BeanCreationException: Error creating bean with name 'spring.kafka-org.springframework.boot.autoconfigure.kafka.KafkaProperties': Initialization of bean failed; nested exception is java.lang.NoClassDefFoundError: org/springframework/kafka/listener/AbstractMessageListenerContainer$AckMode
	at org.springframework.beans.factory.support.AbstractAutowireCapableBeanFactory.doCreateBean(AbstractAutowireCapableBeanFactory.java:562)
	at org.springframework.beans.factory.support.AbstractAutowireCapableBeanFactory.createBean(AbstractAutowireCapableBeanFactory.java:481)
	at org.springframework.beans.factory.support.AbstractBeanFactory$1.getObject(AbstractBeanFactory.java:312)
	at org.springframework.beans.factory.support.DefaultSingletonBeanRegistry.getSingleton(DefaultSingletonBeanRegistry.java:230)
	at org.springframework.beans.factory.support.AbstractBeanFactory.doGetBean(AbstractBeanFactory.java:308)
	at org.springframework.beans.factory.support.AbstractBeanFactory.getBean(AbstractBeanFactory.java:202)
	at org.springframework.beans.factory.config.DependencyDescriptor.resolveCandidate(DependencyDescriptor.java:208)
	at org.springframework.beans.factory.support.DefaultListableBeanFactory.doResolveDependency(DefaultListableBeanFactory.java:1136)
	at org.springframework.beans.factory.support.DefaultListableBeanFactory.resolveDependency(DefaultListableBeanFactory.java:1064)
	at org.springframework.beans.factory.support.ConstructorResolver.resolveAutowiredArgument(ConstructorResolver.java:835)
	at org.springframework.beans.factory.support.ConstructorResolver.createArgumentArray(ConstructorResolver.java:741)
	... 18 common frames omitted
Caused by: java.lang.NoClassDefFoundError: org/springframework/kafka/listener/AbstractMessageListenerContainer$AckMode
	at java.lang.Class.getDeclaredMethods0(Native Method)
	at java.lang.Class.privateGetDeclaredMethods(Class.java:2701)
	at java.lang.Class.privateGetPublicMethods(Class.java:2902)
	at java.lang.Class.getMethods(Class.java:1615)
	at org.springframework.beans.ExtendedBeanInfoFactory.supports(ExtendedBeanInfoFactory.java:54)
	at org.springframework.beans.ExtendedBeanInfoFactory.getBeanInfo(ExtendedBeanInfoFactory.java:46)
	at org.springframework.beans.CachedIntrospectionResults.<init>(CachedIntrospectionResults.java:270)
	at org.springframework.beans.CachedIntrospectionResults.forClass(CachedIntrospectionResults.java:189)
	at org.springframework.beans.BeanWrapperImpl.getCachedIntrospectionResults(BeanWrapperImpl.java:173)
	at org.springframework.beans.BeanWrapperImpl.getLocalPropertyHandler(BeanWrapperImpl.java:226)
	at org.springframework.beans.BeanWrapperImpl.getLocalPropertyHandler(BeanWrapperImpl.java:63)
	at org.springframework.beans.AbstractNestablePropertyAccessor.getPropertyHandler(AbstractNestablePropertyAccessor.java:737)
	at org.springframework.beans.AbstractNestablePropertyAccessor.getPropertyType(AbstractNestablePropertyAccessor.java:497)
	at org.springframework.boot.bind.RelaxedDataBinder.resolvePropertyName(RelaxedDataBinder.java:429)
	at org.springframework.boot.bind.RelaxedDataBinder.getActualPropertyName(RelaxedDataBinder.java:393)
	at org.springframework.boot.bind.RelaxedDataBinder.initializePath(RelaxedDataBinder.java:282)
	at org.springframework.boot.bind.RelaxedDataBinder.initializePath(RelaxedDataBinder.java:316)
	at org.springframework.boot.bind.RelaxedDataBinder.normalizePath(RelaxedDataBinder.java:268)
	at org.springframework.boot.bind.RelaxedDataBinder.modifyProperty(RelaxedDataBinder.java:249)
	at org.springframework.boot.bind.RelaxedDataBinder.modifyProperties(RelaxedDataBinder.java:164)
	at org.springframework.boot.bind.RelaxedDataBinder.doBind(RelaxedDataBinder.java:137)
	at org.springframework.validation.DataBinder.bind(DataBinder.java:741)
	at org.springframework.boot.bind.PropertiesConfigurationFactory.doBindPropertiesToTarget(PropertiesConfigurationFactory.java:287)
	at org.springframework.boot.bind.PropertiesConfigurationFactory.bindPropertiesToTarget(PropertiesConfigurationFactory.java:250)
	at org.springframework.boot.context.properties.ConfigurationPropertiesBindingPostProcessor.postProcessBeforeInitialization(ConfigurationPropertiesBindingPostProcessor.java:331)
	at org.springframework.boot.context.properties.ConfigurationPropertiesBindingPostProcessor.postProcessBeforeInitialization(ConfigurationPropertiesBindingPostProcessor.java:292)
	at org.springframework.beans.factory.support.AbstractAutowireCapableBeanFactory.applyBeanPostProcessorsBeforeInitialization(AbstractAutowireCapableBeanFactory.java:407)
	at org.springframework.beans.factory.support.AbstractAutowireCapableBeanFactory.initializeBean(AbstractAutowireCapableBeanFactory.java:1623)
	at org.springframework.beans.factory.support.AbstractAutowireCapableBeanFactory.doCreateBean(AbstractAutowireCapableBeanFactory.java:553)
	... 28 common frames omitted
Caused by: java.lang.ClassNotFoundException: org.springframework.kafka.listener.AbstractMessageListenerContainer$AckMode
	at java.net.URLClassLoader.findClass(URLClassLoader.java:381)
	at java.lang.ClassLoader.loadClass(ClassLoader.java:424)
	at sun.misc.Launcher$AppClassLoader.loadClass(Launcher.java:349)
	at java.lang.ClassLoader.loadClass(ClassLoader.java:357)
	... 57 common frames omitted
2019-05-07 14:57:50 477  [ERROR] [main] [o.s.b.SpringApplication:771] Application startup failed
org.springframework.beans.factory.UnsatisfiedDependencyException: Error creating bean with name 'org.springframework.boot.autoconfigure.kafka.KafkaAnnotationDrivenConfiguration': Unsatisfied dependency expressed through constructor parameter 0; nested exception is org.springframework.beans.factory.BeanCreationException: Error creating bean with name 'spring.kafka-org.springframework.boot.autoconfigure.kafka.KafkaProperties': Initialization of bean failed; nested exception is java.lang.NoClassDefFoundError: org/springframework/kafka/listener/AbstractMessageListenerContainer$AckMode
	at org.springframework.beans.factory.support.ConstructorResolver.createArgumentArray(ConstructorResolver.java:749)
	at org.springframework.beans.factory.support.ConstructorResolver.autowireConstructor(ConstructorResolver.java:189)
	at org.springframework.beans.factory.support.AbstractAutowireCapableBeanFactory.autowireConstructor(AbstractAutowireCapableBeanFactory.java:1193)
	at org.springframework.beans.factory.support.AbstractAutowireCapableBeanFactory.createBeanInstance(AbstractAutowireCapableBeanFactory.java:1095)
	at org.springframework.beans.factory.support.AbstractAutowireCapableBeanFactory.doCreateBean(AbstractAutowireCapableBeanFactory.java:513)
	at org.springframework.beans.factory.support.AbstractAutowireCapableBeanFactory.createBean(AbstractAutowireCapableBeanFactory.java:483)
	at org.springframework.beans.factory.support.AbstractBeanFactory$1.getObject(AbstractBeanFactory.java:306)
	at org.springframework.beans.factory.support.DefaultSingletonBeanRegistry.getSingleton(DefaultSingletonBeanRegistry.java:230)
	at org.springframework.beans.factory.support.AbstractBeanFactory.doGetBean(AbstractBeanFactory.java:302)
	at org.springframework.beans.factory.support.AbstractBeanFactory.getBean(AbstractBeanFactory.java:197)
	at org.springframework.beans.factory.support.DefaultListableBeanFactory.preInstantiateSingletons(DefaultListableBeanFactory.java:761)
	at org.springframework.context.support.AbstractApplicationContext.finishBeanFactoryInitialization(AbstractApplicationContext.java:867)
	at org.springframework.context.support.AbstractApplicationContext.refresh(AbstractApplicationContext.java:543)
	at org.springframework.boot.SpringApplication.refresh(SpringApplication.java:693)
	at org.springframework.boot.SpringApplication.refreshContext(SpringApplication.java:360)
	at org.springframework.boot.SpringApplication.run(SpringApplication.java:303)
	at org.springframework.boot.SpringApplication.run(SpringApplication.java:1118)
	at org.springframework.boot.SpringApplication.run(SpringApplication.java:1107)
	at com.kuainiu.mysqlsyncfunnel.SpringkafkaconsumerApplication.main(SpringkafkaconsumerApplication.java:13)
Caused by: org.springframework.beans.factory.BeanCreationException: Error creating bean with name 'spring.kafka-org.springframework.boot.autoconfigure.kafka.KafkaProperties': Initialization of bean failed; nested exception is java.lang.NoClassDefFoundError: org/springframework/kafka/listener/AbstractMessageListenerContainer$AckMode
	at org.springframework.beans.factory.support.AbstractAutowireCapableBeanFactory.doCreateBean(AbstractAutowireCapableBeanFactory.java:564)
	at org.springframework.beans.factory.support.AbstractAutowireCapableBeanFactory.createBean(AbstractAutowireCapableBeanFactory.java:483)
	at org.springframework.beans.factory.support.AbstractBeanFactory$1.getObject(AbstractBeanFactory.java:306)
	at org.springframework.beans.factory.support.DefaultSingletonBeanRegistry.getSingleton(DefaultSingletonBeanRegistry.java:230)
	at org.springframework.beans.factory.support.AbstractBeanFactory.doGetBean(AbstractBeanFactory.java:302)
	at org.springframework.beans.factory.support.AbstractBeanFactory.getBean(AbstractBeanFactory.java:202)
	at org.springframework.beans.factory.config.DependencyDescriptor.resolveCandidate(DependencyDescriptor.java:208)
	at org.springframework.beans.factory.support.DefaultListableBeanFactory.doResolveDependency(DefaultListableBeanFactory.java:1138)
	at org.springframework.beans.factory.support.DefaultListableBeanFactory.resolveDependency(DefaultListableBeanFactory.java:1066)
	at org.springframework.beans.factory.support.ConstructorResolver.resolveAutowiredArgument(ConstructorResolver.java:835)
	at org.springframework.beans.factory.support.ConstructorResolver.createArgumentArray(ConstructorResolver.java:741)
	... 18 common frames omitted
Caused by: java.lang.NoClassDefFoundError: org/springframework/kafka/listener/AbstractMessageListenerContainer$AckMode
	at java.lang.Class.getDeclaredMethods0(Native Method)
	at java.lang.Class.privateGetDeclaredMethods(Class.java:2701)
	at java.lang.Class.privateGetPublicMethods(Class.java:2902)
	at java.lang.Class.getMethods(Class.java:1615)
	at org.springframework.beans.ExtendedBeanInfoFactory.supports(ExtendedBeanInfoFactory.java:54)
	at org.springframework.beans.ExtendedBeanInfoFactory.getBeanInfo(ExtendedBeanInfoFactory.java:46)
	at org.springframework.beans.CachedIntrospectionResults.<init>(CachedIntrospectionResults.java:270)
	at org.springframework.beans.CachedIntrospectionResults.forClass(CachedIntrospectionResults.java:189)
	at org.springframework.beans.BeanWrapperImpl.getCachedIntrospectionResults(BeanWrapperImpl.java:173)
	at org.springframework.beans.BeanWrapperImpl.getLocalPropertyHandler(BeanWrapperImpl.java:226)
	at org.springframework.beans.BeanWrapperImpl.getLocalPropertyHandler(BeanWrapperImpl.java:63)
	at org.springframework.beans.AbstractNestablePropertyAccessor.getPropertyHandler(AbstractNestablePropertyAccessor.java:737)
	at org.springframework.beans.AbstractNestablePropertyAccessor.getPropertyType(AbstractNestablePropertyAccessor.java:497)
	at org.springframework.boot.bind.RelaxedDataBinder.resolvePropertyName(RelaxedDataBinder.java:420)
	at org.springframework.boot.bind.RelaxedDataBinder.getActualPropertyName(RelaxedDataBinder.java:384)
	at org.springframework.boot.bind.RelaxedDataBinder.initializePath(RelaxedDataBinder.java:273)
	at org.springframework.boot.bind.RelaxedDataBinder.initializePath(RelaxedDataBinder.java:307)
	at org.springframework.boot.bind.RelaxedDataBinder.normalizePath(RelaxedDataBinder.java:259)
	at org.springframework.boot.bind.RelaxedDataBinder.modifyProperty(RelaxedDataBinder.java:240)
	at org.springframework.boot.bind.RelaxedDataBinder.modifyProperties(RelaxedDataBinder.java:155)
	at org.springframework.boot.bind.RelaxedDataBinder.doBind(RelaxedDataBinder.java:128)
	at org.springframework.validation.DataBinder.bind(DataBinder.java:740)
	at org.springframework.boot.bind.PropertiesConfigurationFactory.doBindPropertiesToTarget(PropertiesConfigurationFactory.java:272)
	at org.springframework.boot.bind.PropertiesConfigurationFactory.bindPropertiesToTarget(PropertiesConfigurationFactory.java:240)
	at org.springframework.boot.context.properties.ConfigurationPropertiesBindingPostProcessor.postProcessBeforeInitialization(ConfigurationPropertiesBindingPostProcessor.java:329)
	at org.springframework.boot.context.properties.ConfigurationPropertiesBindingPostProcessor.postProcessBeforeInitialization(ConfigurationPropertiesBindingPostProcessor.java:291)
	at org.springframework.beans.factory.support.AbstractAutowireCapableBeanFactory.applyBeanPostProcessorsBeforeInitialization(AbstractAutowireCapableBeanFactory.java:409)
	at org.springframework.beans.factory.support.AbstractAutowireCapableBeanFactory.initializeBean(AbstractAutowireCapableBeanFactory.java:1620)
	at org.springframework.beans.factory.support.AbstractAutowireCapableBeanFactory.doCreateBean(AbstractAutowireCapableBeanFactory.java:555)
	... 28 common frames omitted
Caused by: java.lang.ClassNotFoundException: org.springframework.kafka.listener.AbstractMessageListenerContainer$AckMode
	at java.net.URLClassLoader.findClass(URLClassLoader.java:381)
	at java.lang.ClassLoader.loadClass(ClassLoader.java:424)
	at sun.misc.Launcher$AppClassLoader.loadClass(Launcher.java:349)
	at java.lang.ClassLoader.loadClass(ClassLoader.java:357)
	... 57 common frames omitted
2019-05-07 15:00:03 239  [ERROR] [main] [o.s.b.SpringApplication:771] Application startup failed
org.springframework.beans.factory.UnsatisfiedDependencyException: Error creating bean with name 'org.springframework.boot.autoconfigure.kafka.KafkaAnnotationDrivenConfiguration': Unsatisfied dependency expressed through constructor parameter 0; nested exception is org.springframework.beans.factory.BeanCreationException: Error creating bean with name 'spring.kafka-org.springframework.boot.autoconfigure.kafka.KafkaProperties': Initialization of bean failed; nested exception is java.lang.NoClassDefFoundError: org/springframework/kafka/listener/AbstractMessageListenerContainer$AckMode
	at org.springframework.beans.factory.support.ConstructorResolver.createArgumentArray(ConstructorResolver.java:749)
	at org.springframework.beans.factory.support.ConstructorResolver.autowireConstructor(ConstructorResolver.java:189)
	at org.springframework.beans.factory.support.AbstractAutowireCapableBeanFactory.autowireConstructor(AbstractAutowireCapableBeanFactory.java:1193)
	at org.springframework.beans.factory.support.AbstractAutowireCapableBeanFactory.createBeanInstance(AbstractAutowireCapableBeanFactory.java:1095)
	at org.springframework.beans.factory.support.AbstractAutowireCapableBeanFactory.doCreateBean(AbstractAutowireCapableBeanFactory.java:513)
	at org.springframework.beans.factory.support.AbstractAutowireCapableBeanFactory.createBean(AbstractAutowireCapableBeanFactory.java:483)
	at org.springframework.beans.factory.support.AbstractBeanFactory$1.getObject(AbstractBeanFactory.java:306)
	at org.springframework.beans.factory.support.DefaultSingletonBeanRegistry.getSingleton(DefaultSingletonBeanRegistry.java:230)
	at org.springframework.beans.factory.support.AbstractBeanFactory.doGetBean(AbstractBeanFactory.java:302)
	at org.springframework.beans.factory.support.AbstractBeanFactory.getBean(AbstractBeanFactory.java:197)
	at org.springframework.beans.factory.support.DefaultListableBeanFactory.preInstantiateSingletons(DefaultListableBeanFactory.java:761)
	at org.springframework.context.support.AbstractApplicationContext.finishBeanFactoryInitialization(AbstractApplicationContext.java:867)
	at org.springframework.context.support.AbstractApplicationContext.refresh(AbstractApplicationContext.java:543)
	at org.springframework.boot.SpringApplication.refresh(SpringApplication.java:693)
	at org.springframework.boot.SpringApplication.refreshContext(SpringApplication.java:360)
	at org.springframework.boot.SpringApplication.run(SpringApplication.java:303)
	at org.springframework.boot.SpringApplication.run(SpringApplication.java:1118)
	at org.springframework.boot.SpringApplication.run(SpringApplication.java:1107)
	at com.kuainiu.mysqlsyncfunnel.SpringkafkaconsumerApplication.main(SpringkafkaconsumerApplication.java:13)
Caused by: org.springframework.beans.factory.BeanCreationException: Error creating bean with name 'spring.kafka-org.springframework.boot.autoconfigure.kafka.KafkaProperties': Initialization of bean failed; nested exception is java.lang.NoClassDefFoundError: org/springframework/kafka/listener/AbstractMessageListenerContainer$AckMode
	at org.springframework.beans.factory.support.AbstractAutowireCapableBeanFactory.doCreateBean(AbstractAutowireCapableBeanFactory.java:564)
	at org.springframework.beans.factory.support.AbstractAutowireCapableBeanFactory.createBean(AbstractAutowireCapableBeanFactory.java:483)
	at org.springframework.beans.factory.support.AbstractBeanFactory$1.getObject(AbstractBeanFactory.java:306)
	at org.springframework.beans.factory.support.DefaultSingletonBeanRegistry.getSingleton(DefaultSingletonBeanRegistry.java:230)
	at org.springframework.beans.factory.support.AbstractBeanFactory.doGetBean(AbstractBeanFactory.java:302)
	at org.springframework.beans.factory.support.AbstractBeanFactory.getBean(AbstractBeanFactory.java:202)
	at org.springframework.beans.factory.config.DependencyDescriptor.resolveCandidate(DependencyDescriptor.java:208)
	at org.springframework.beans.factory.support.DefaultListableBeanFactory.doResolveDependency(DefaultListableBeanFactory.java:1138)
	at org.springframework.beans.factory.support.DefaultListableBeanFactory.resolveDependency(DefaultListableBeanFactory.java:1066)
	at org.springframework.beans.factory.support.ConstructorResolver.resolveAutowiredArgument(ConstructorResolver.java:835)
	at org.springframework.beans.factory.support.ConstructorResolver.createArgumentArray(ConstructorResolver.java:741)
	... 18 common frames omitted
Caused by: java.lang.NoClassDefFoundError: org/springframework/kafka/listener/AbstractMessageListenerContainer$AckMode
	at java.lang.Class.getDeclaredMethods0(Native Method)
	at java.lang.Class.privateGetDeclaredMethods(Class.java:2701)
	at java.lang.Class.privateGetPublicMethods(Class.java:2902)
	at java.lang.Class.getMethods(Class.java:1615)
	at org.springframework.beans.ExtendedBeanInfoFactory.supports(ExtendedBeanInfoFactory.java:54)
	at org.springframework.beans.ExtendedBeanInfoFactory.getBeanInfo(ExtendedBeanInfoFactory.java:46)
	at org.springframework.beans.CachedIntrospectionResults.<init>(CachedIntrospectionResults.java:270)
	at org.springframework.beans.CachedIntrospectionResults.forClass(CachedIntrospectionResults.java:189)
	at org.springframework.beans.BeanWrapperImpl.getCachedIntrospectionResults(BeanWrapperImpl.java:173)
	at org.springframework.beans.BeanWrapperImpl.getLocalPropertyHandler(BeanWrapperImpl.java:226)
	at org.springframework.beans.BeanWrapperImpl.getLocalPropertyHandler(BeanWrapperImpl.java:63)
	at org.springframework.beans.AbstractNestablePropertyAccessor.getPropertyHandler(AbstractNestablePropertyAccessor.java:737)
	at org.springframework.beans.AbstractNestablePropertyAccessor.getPropertyType(AbstractNestablePropertyAccessor.java:497)
	at org.springframework.boot.bind.RelaxedDataBinder.resolvePropertyName(RelaxedDataBinder.java:420)
	at org.springframework.boot.bind.RelaxedDataBinder.getActualPropertyName(RelaxedDataBinder.java:384)
	at org.springframework.boot.bind.RelaxedDataBinder.initializePath(RelaxedDataBinder.java:273)
	at org.springframework.boot.bind.RelaxedDataBinder.initializePath(RelaxedDataBinder.java:307)
	at org.springframework.boot.bind.RelaxedDataBinder.normalizePath(RelaxedDataBinder.java:259)
	at org.springframework.boot.bind.RelaxedDataBinder.modifyProperty(RelaxedDataBinder.java:240)
	at org.springframework.boot.bind.RelaxedDataBinder.modifyProperties(RelaxedDataBinder.java:155)
	at org.springframework.boot.bind.RelaxedDataBinder.doBind(RelaxedDataBinder.java:128)
	at org.springframework.validation.DataBinder.bind(DataBinder.java:740)
	at org.springframework.boot.bind.PropertiesConfigurationFactory.doBindPropertiesToTarget(PropertiesConfigurationFactory.java:272)
	at org.springframework.boot.bind.PropertiesConfigurationFactory.bindPropertiesToTarget(PropertiesConfigurationFactory.java:240)
	at org.springframework.boot.context.properties.ConfigurationPropertiesBindingPostProcessor.postProcessBeforeInitialization(ConfigurationPropertiesBindingPostProcessor.java:329)
	at org.springframework.boot.context.properties.ConfigurationPropertiesBindingPostProcessor.postProcessBeforeInitialization(ConfigurationPropertiesBindingPostProcessor.java:291)
	at org.springframework.beans.factory.support.AbstractAutowireCapableBeanFactory.applyBeanPostProcessorsBeforeInitialization(AbstractAutowireCapableBeanFactory.java:409)
	at org.springframework.beans.factory.support.AbstractAutowireCapableBeanFactory.initializeBean(AbstractAutowireCapableBeanFactory.java:1620)
	at org.springframework.beans.factory.support.AbstractAutowireCapableBeanFactory.doCreateBean(AbstractAutowireCapableBeanFactory.java:555)
	... 28 common frames omitted
Caused by: java.lang.ClassNotFoundException: org.springframework.kafka.listener.AbstractMessageListenerContainer$AckMode
	at java.net.URLClassLoader.findClass(URLClassLoader.java:381)
	at java.lang.ClassLoader.loadClass(ClassLoader.java:424)
	at sun.misc.Launcher$AppClassLoader.loadClass(Launcher.java:349)
	at java.lang.ClassLoader.loadClass(ClassLoader.java:357)
	... 57 common frames omitted
2019-05-07 15:03:49 501  [ERROR] [main] [o.s.b.SpringApplication:771] Application startup failed
org.springframework.beans.factory.UnsatisfiedDependencyException: Error creating bean with name 'org.springframework.boot.autoconfigure.kafka.KafkaAnnotationDrivenConfiguration': Unsatisfied dependency expressed through constructor parameter 0; nested exception is org.springframework.beans.factory.BeanCreationException: Error creating bean with name 'spring.kafka-org.springframework.boot.autoconfigure.kafka.KafkaProperties': Initialization of bean failed; nested exception is java.lang.NoClassDefFoundError: org/springframework/kafka/listener/AbstractMessageListenerContainer$AckMode
	at org.springframework.beans.factory.support.ConstructorResolver.createArgumentArray(ConstructorResolver.java:749)
	at org.springframework.beans.factory.support.ConstructorResolver.autowireConstructor(ConstructorResolver.java:189)
	at org.springframework.beans.factory.support.AbstractAutowireCapableBeanFactory.autowireConstructor(AbstractAutowireCapableBeanFactory.java:1193)
	at org.springframework.beans.factory.support.AbstractAutowireCapableBeanFactory.createBeanInstance(AbstractAutowireCapableBeanFactory.java:1095)
	at org.springframework.beans.factory.support.AbstractAutowireCapableBeanFactory.doCreateBean(AbstractAutowireCapableBeanFactory.java:513)
	at org.springframework.beans.factory.support.AbstractAutowireCapableBeanFactory.createBean(AbstractAutowireCapableBeanFactory.java:483)
	at org.springframework.beans.factory.support.AbstractBeanFactory$1.getObject(AbstractBeanFactory.java:306)
	at org.springframework.beans.factory.support.DefaultSingletonBeanRegistry.getSingleton(DefaultSingletonBeanRegistry.java:230)
	at org.springframework.beans.factory.support.AbstractBeanFactory.doGetBean(AbstractBeanFactory.java:302)
	at org.springframework.beans.factory.support.AbstractBeanFactory.getBean(AbstractBeanFactory.java:197)
	at org.springframework.beans.factory.support.DefaultListableBeanFactory.preInstantiateSingletons(DefaultListableBeanFactory.java:761)
	at org.springframework.context.support.AbstractApplicationContext.finishBeanFactoryInitialization(AbstractApplicationContext.java:867)
	at org.springframework.context.support.AbstractApplicationContext.refresh(AbstractApplicationContext.java:543)
	at org.springframework.boot.SpringApplication.refresh(SpringApplication.java:693)
	at org.springframework.boot.SpringApplication.refreshContext(SpringApplication.java:360)
	at org.springframework.boot.SpringApplication.run(SpringApplication.java:303)
	at org.springframework.boot.SpringApplication.run(SpringApplication.java:1118)
	at org.springframework.boot.SpringApplication.run(SpringApplication.java:1107)
	at com.kuainiu.mysqlsyncfunnel.SpringkafkaconsumerApplication.main(SpringkafkaconsumerApplication.java:13)
Caused by: org.springframework.beans.factory.BeanCreationException: Error creating bean with name 'spring.kafka-org.springframework.boot.autoconfigure.kafka.KafkaProperties': Initialization of bean failed; nested exception is java.lang.NoClassDefFoundError: org/springframework/kafka/listener/AbstractMessageListenerContainer$AckMode
	at org.springframework.beans.factory.support.AbstractAutowireCapableBeanFactory.doCreateBean(AbstractAutowireCapableBeanFactory.java:564)
	at org.springframework.beans.factory.support.AbstractAutowireCapableBeanFactory.createBean(AbstractAutowireCapableBeanFactory.java:483)
	at org.springframework.beans.factory.support.AbstractBeanFactory$1.getObject(AbstractBeanFactory.java:306)
	at org.springframework.beans.factory.support.DefaultSingletonBeanRegistry.getSingleton(DefaultSingletonBeanRegistry.java:230)
	at org.springframework.beans.factory.support.AbstractBeanFactory.doGetBean(AbstractBeanFactory.java:302)
	at org.springframework.beans.factory.support.AbstractBeanFactory.getBean(AbstractBeanFactory.java:202)
	at org.springframework.beans.factory.config.DependencyDescriptor.resolveCandidate(DependencyDescriptor.java:208)
	at org.springframework.beans.factory.support.DefaultListableBeanFactory.doResolveDependency(DefaultListableBeanFactory.java:1138)
	at org.springframework.beans.factory.support.DefaultListableBeanFactory.resolveDependency(DefaultListableBeanFactory.java:1066)
	at org.springframework.beans.factory.support.ConstructorResolver.resolveAutowiredArgument(ConstructorResolver.java:835)
	at org.springframework.beans.factory.support.ConstructorResolver.createArgumentArray(ConstructorResolver.java:741)
	... 18 common frames omitted
Caused by: java.lang.NoClassDefFoundError: org/springframework/kafka/listener/AbstractMessageListenerContainer$AckMode
	at java.lang.Class.getDeclaredMethods0(Native Method)
	at java.lang.Class.privateGetDeclaredMethods(Class.java:2701)
	at java.lang.Class.privateGetPublicMethods(Class.java:2902)
	at java.lang.Class.getMethods(Class.java:1615)
	at org.springframework.beans.ExtendedBeanInfoFactory.supports(ExtendedBeanInfoFactory.java:54)
	at org.springframework.beans.ExtendedBeanInfoFactory.getBeanInfo(ExtendedBeanInfoFactory.java:46)
	at org.springframework.beans.CachedIntrospectionResults.<init>(CachedIntrospectionResults.java:270)
	at org.springframework.beans.CachedIntrospectionResults.forClass(CachedIntrospectionResults.java:189)
	at org.springframework.beans.BeanWrapperImpl.getCachedIntrospectionResults(BeanWrapperImpl.java:173)
	at org.springframework.beans.BeanWrapperImpl.getLocalPropertyHandler(BeanWrapperImpl.java:226)
	at org.springframework.beans.BeanWrapperImpl.getLocalPropertyHandler(BeanWrapperImpl.java:63)
	at org.springframework.beans.AbstractNestablePropertyAccessor.getPropertyHandler(AbstractNestablePropertyAccessor.java:739)
	at org.springframework.beans.AbstractNestablePropertyAccessor.getPropertyType(AbstractNestablePropertyAccessor.java:499)
	at org.springframework.boot.bind.RelaxedDataBinder.resolvePropertyName(RelaxedDataBinder.java:420)
	at org.springframework.boot.bind.RelaxedDataBinder.getActualPropertyName(RelaxedDataBinder.java:384)
	at org.springframework.boot.bind.RelaxedDataBinder.initializePath(RelaxedDataBinder.java:273)
	at org.springframework.boot.bind.RelaxedDataBinder.initializePath(RelaxedDataBinder.java:307)
	at org.springframework.boot.bind.RelaxedDataBinder.normalizePath(RelaxedDataBinder.java:259)
	at org.springframework.boot.bind.RelaxedDataBinder.modifyProperty(RelaxedDataBinder.java:240)
	at org.springframework.boot.bind.RelaxedDataBinder.modifyProperties(RelaxedDataBinder.java:155)
	at org.springframework.boot.bind.RelaxedDataBinder.doBind(RelaxedDataBinder.java:128)
	at org.springframework.validation.DataBinder.bind(DataBinder.java:740)
	at org.springframework.boot.bind.PropertiesConfigurationFactory.doBindPropertiesToTarget(PropertiesConfigurationFactory.java:272)
	at org.springframework.boot.bind.PropertiesConfigurationFactory.bindPropertiesToTarget(PropertiesConfigurationFactory.java:240)
	at org.springframework.boot.context.properties.ConfigurationPropertiesBindingPostProcessor.postProcessBeforeInitialization(ConfigurationPropertiesBindingPostProcessor.java:329)
	at org.springframework.boot.context.properties.ConfigurationPropertiesBindingPostProcessor.postProcessBeforeInitialization(ConfigurationPropertiesBindingPostProcessor.java:291)
	at org.springframework.beans.factory.support.AbstractAutowireCapableBeanFactory.applyBeanPostProcessorsBeforeInitialization(AbstractAutowireCapableBeanFactory.java:409)
	at org.springframework.beans.factory.support.AbstractAutowireCapableBeanFactory.initializeBean(AbstractAutowireCapableBeanFactory.java:1620)
	at org.springframework.beans.factory.support.AbstractAutowireCapableBeanFactory.doCreateBean(AbstractAutowireCapableBeanFactory.java:555)
	... 28 common frames omitted
Caused by: java.lang.ClassNotFoundException: org.springframework.kafka.listener.AbstractMessageListenerContainer$AckMode
	at java.net.URLClassLoader.findClass(URLClassLoader.java:381)
	at java.lang.ClassLoader.loadClass(ClassLoader.java:424)
	at sun.misc.Launcher$AppClassLoader.loadClass(Launcher.java:349)
	at java.lang.ClassLoader.loadClass(ClassLoader.java:357)
	... 57 common frames omitted
2019-05-07 17:35:38 001  [ERROR] [org.springframework.kafka.KafkaListenerEndpointContainer#0-0-C-1] [o.s.k.l.LoggingErrorHandler:37] Error while processing: ConsumerRecord(topic = example1, partition = 0, offset = 55, CreateTime = 1557221711589, checksum = 4153146111, serialized key size = -1, serialized value size = 1435, key = null, value = {"data":[{"apply_risk_id":"6","apply_risk_apply_id":"6","apply_risk_apply_code":"6","apply_risk_source":"6","apply_risk_individual_id":"6","apply_risk_type":"0","apply_risk_period":"1","apply_risk_score":"0","apply_risk_result":"4","apply_risk_status":"1","apply_risk_created_at":"2019-05-07 17:32:51","apply_risk_updated_at":"2019-05-07 17:32:51","apply_risk_finished_at":"1000-01-01 00:00:00"}],"database":"riskdata","es":1557221571000,"id":1,"isDdl":false,"mysqlType":{"apply_risk_id":"int(11) unsigned","apply_risk_apply_id":"int(11) unsigned","apply_risk_apply_code":"varchar(64)","apply_risk_source":"tinyint(3) unsigned","apply_risk_individual_id":"int(11) unsigned","apply_risk_type":"tinyint(3) unsigned","apply_risk_period":"tinyint(3) unsigned","apply_risk_score":"varchar(11)","apply_risk_result":"enum('pass','refuse','manual','exception')","apply_risk_status":"tinyint(3) unsigned","apply_risk_created_at":"timestamp","apply_risk_updated_at":"timestamp","apply_risk_finished_at":"datetime"},"old":null,"pkNames":["apply_risk_id"],"sql":"","sqlType":{"apply_risk_id":4,"apply_risk_apply_id":4,"apply_risk_apply_code":12,"apply_risk_source":-6,"apply_risk_individual_id":4,"apply_risk_type":-6,"apply_risk_period":-6,"apply_risk_score":12,"apply_risk_result":4,"apply_risk_status":-6,"apply_risk_created_at":93,"apply_risk_updated_at":93,"apply_risk_finished_at":93},"table":"apply_risk","ts":1557221711302,"type":"INSERT"})
org.springframework.kafka.listener.ListenerExecutionFailedException: Listener method 'public void com.kuainiu.mysqlsyncfunnel.controller.KafkaConsumer.receive(java.lang.String)' threw exception; nested exception is java.lang.NullPointerException
	at org.springframework.kafka.listener.adapter.MessagingMessageListenerAdapter.invokeHandler(MessagingMessageListenerAdapter.java:188)
	at org.springframework.kafka.listener.adapter.RecordMessagingMessageListenerAdapter.onMessage(RecordMessagingMessageListenerAdapter.java:72)
	at org.springframework.kafka.listener.adapter.RecordMessagingMessageListenerAdapter.onMessage(RecordMessagingMessageListenerAdapter.java:47)
	at org.springframework.kafka.listener.KafkaMessageListenerContainer$ListenerConsumer.invokeRecordListener(KafkaMessageListenerContainer.java:792)
	at org.springframework.kafka.listener.KafkaMessageListenerContainer$ListenerConsumer.invokeListener(KafkaMessageListenerContainer.java:736)
	at org.springframework.kafka.listener.KafkaMessageListenerContainer$ListenerConsumer.run(KafkaMessageListenerContainer.java:568)
	at java.util.concurrent.Executors$RunnableAdapter.call$$$capture(Executors.java:511)
	at java.util.concurrent.Executors$RunnableAdapter.call(Executors.java)
	at java.util.concurrent.FutureTask.run$$$capture(FutureTask.java:266)
	at java.util.concurrent.FutureTask.run(FutureTask.java)
	at java.lang.Thread.run(Thread.java:748)
Caused by: java.lang.NullPointerException: null
	at com.kuainiu.mysqlsyncfunnel.dao.riskdata.MysqlDao.excuteSql(MysqlDao.java:20)
	at com.kuainiu.mysqlsyncfunnel.service.DataFilterService.solveMessage(DataFilterService.java:38)
	at com.kuainiu.mysqlsyncfunnel.controller.KafkaConsumer.receive(KafkaConsumer.java:19)
	at sun.reflect.NativeMethodAccessorImpl.invoke0(Native Method)
	at sun.reflect.NativeMethodAccessorImpl.invoke(NativeMethodAccessorImpl.java:62)
	at sun.reflect.DelegatingMethodAccessorImpl.invoke(DelegatingMethodAccessorImpl.java:43)
	at java.lang.reflect.Method.invoke(Method.java:498)
	at org.springframework.messaging.handler.invocation.InvocableHandlerMethod.doInvoke(InvocableHandlerMethod.java:180)
	at org.springframework.messaging.handler.invocation.InvocableHandlerMethod.invoke(InvocableHandlerMethod.java:112)
	at org.springframework.kafka.listener.adapter.HandlerAdapter.invoke(HandlerAdapter.java:48)
	at org.springframework.kafka.listener.adapter.MessagingMessageListenerAdapter.invokeHandler(MessagingMessageListenerAdapter.java:174)
	... 10 common frames omitted
2019-05-07 17:35:38 621  [ERROR] [org.springframework.kafka.KafkaListenerEndpointContainer#0-0-C-1] [o.s.k.l.LoggingErrorHandler:37] Error while processing: ConsumerRecord(topic = example1, partition = 0, offset = 56, CreateTime = 1557221711607, checksum = 3198959019, serialized key size = -1, serialized value size = 3047, key = null, value = {"data":[{"apply_risk_id":"1","apply_risk_apply_id":"1","apply_risk_apply_code":"1","apply_risk_source":"1","apply_risk_individual_id":"1","apply_risk_type":"0","apply_risk_period":"1","apply_risk_score":"0","apply_risk_result":"4","apply_risk_status":"1","apply_risk_created_at":"2019-05-06 18:08:20","apply_risk_updated_at":"2019-05-06 18:08:20","apply_risk_finished_at":"1000-01-01 00:00:00"},{"apply_risk_id":"2","apply_risk_apply_id":"2","apply_risk_apply_code":"2","apply_risk_source":"2","apply_risk_individual_id":"2","apply_risk_type":"0","apply_risk_period":"1","apply_risk_score":"0","apply_risk_result":"4","apply_risk_status":"1","apply_risk_created_at":"2019-05-06 18:11:30","apply_risk_updated_at":"2019-05-06 18:11:30","apply_risk_finished_at":"1000-01-01 00:00:00"},{"apply_risk_id":"3","apply_risk_apply_id":"3","apply_risk_apply_code":"3","apply_risk_source":"3","apply_risk_individual_id":"3","apply_risk_type":"0","apply_risk_period":"1","apply_risk_score":"0","apply_risk_result":"4","apply_risk_status":"1","apply_risk_created_at":"2019-05-06 18:12:15","apply_risk_updated_at":"2019-05-06 18:12:15","apply_risk_finished_at":"1000-01-01 00:00:00"},{"apply_risk_id":"4","apply_risk_apply_id":"4","apply_risk_apply_code":"4","apply_risk_source":"4","apply_risk_individual_id":"4","apply_risk_type":"0","apply_risk_period":"1","apply_risk_score":"0","apply_risk_result":"4","apply_risk_status":"1","apply_risk_created_at":"2019-05-06 19:08:11","apply_risk_updated_at":"2019-05-06 19:08:11","apply_risk_finished_at":"1000-01-01 00:00:00"},{"apply_risk_id":"6","apply_risk_apply_id":"6","apply_risk_apply_code":"6","apply_risk_source":"6","apply_risk_individual_id":"6","apply_risk_type":"0","apply_risk_period":"1","apply_risk_score":"0","apply_risk_result":"4","apply_risk_status":"1","apply_risk_created_at":"2019-05-07 17:32:51","apply_risk_updated_at":"2019-05-07 17:32:51","apply_risk_finished_at":"1000-01-01 00:00:00"}],"database":"riskdata","es":1557221670000,"id":1,"isDdl":false,"mysqlType":{"apply_risk_id":"int(11) unsigned","apply_risk_apply_id":"int(11) unsigned","apply_risk_apply_code":"varchar(64)","apply_risk_source":"tinyint(3) unsigned","apply_risk_individual_id":"int(11) unsigned","apply_risk_type":"tinyint(3) unsigned","apply_risk_period":"tinyint(3) unsigned","apply_risk_score":"varchar(11)","apply_risk_result":"enum('pass','refuse','manual','exception')","apply_risk_status":"tinyint(3) unsigned","apply_risk_created_at":"timestamp","apply_risk_updated_at":"timestamp","apply_risk_finished_at":"datetime"},"old":null,"pkNames":["apply_risk_id","apply_risk_id","apply_risk_id","apply_risk_id","apply_risk_id"],"sql":"","sqlType":{"apply_risk_id":4,"apply_risk_apply_id":4,"apply_risk_apply_code":12,"apply_risk_source":-6,"apply_risk_individual_id":4,"apply_risk_type":-6,"apply_risk_period":-6,"apply_risk_score":12,"apply_risk_result":4,"apply_risk_status":-6,"apply_risk_created_at":93,"apply_risk_updated_at":93,"apply_risk_finished_at":93},"table":"apply_risk","ts":1557221711309,"type":"DELETE"})
org.springframework.kafka.listener.ListenerExecutionFailedException: Listener method 'public void com.kuainiu.mysqlsyncfunnel.controller.KafkaConsumer.receive(java.lang.String)' threw exception; nested exception is java.lang.NullPointerException
	at org.springframework.kafka.listener.adapter.MessagingMessageListenerAdapter.invokeHandler(MessagingMessageListenerAdapter.java:188)
	at org.springframework.kafka.listener.adapter.RecordMessagingMessageListenerAdapter.onMessage(RecordMessagingMessageListenerAdapter.java:72)
	at org.springframework.kafka.listener.adapter.RecordMessagingMessageListenerAdapter.onMessage(RecordMessagingMessageListenerAdapter.java:47)
	at org.springframework.kafka.listener.KafkaMessageListenerContainer$ListenerConsumer.invokeRecordListener(KafkaMessageListenerContainer.java:792)
	at org.springframework.kafka.listener.KafkaMessageListenerContainer$ListenerConsumer.invokeListener(KafkaMessageListenerContainer.java:736)
	at org.springframework.kafka.listener.KafkaMessageListenerContainer$ListenerConsumer.run(KafkaMessageListenerContainer.java:568)
	at java.util.concurrent.Executors$RunnableAdapter.call$$$capture(Executors.java:511)
	at java.util.concurrent.Executors$RunnableAdapter.call(Executors.java)
	at java.util.concurrent.FutureTask.run$$$capture(FutureTask.java:266)
	at java.util.concurrent.FutureTask.run(FutureTask.java)
	at java.lang.Thread.run(Thread.java:748)
Caused by: java.lang.NullPointerException: null
	at com.kuainiu.mysqlsyncfunnel.util.SqlUtil.getDeleteSql(SqlUtil.java:193)
	at com.kuainiu.mysqlsyncfunnel.service.DataFilterService.solveMessage(DataFilterService.java:35)
	at com.kuainiu.mysqlsyncfunnel.controller.KafkaConsumer.receive(KafkaConsumer.java:19)
	at sun.reflect.NativeMethodAccessorImpl.invoke0(Native Method)
	at sun.reflect.NativeMethodAccessorImpl.invoke(NativeMethodAccessorImpl.java:62)
	at sun.reflect.DelegatingMethodAccessorImpl.invoke(DelegatingMethodAccessorImpl.java:43)
	at java.lang.reflect.Method.invoke(Method.java:498)
	at org.springframework.messaging.handler.invocation.InvocableHandlerMethod.doInvoke(InvocableHandlerMethod.java:180)
	at org.springframework.messaging.handler.invocation.InvocableHandlerMethod.invoke(InvocableHandlerMethod.java:112)
	at org.springframework.kafka.listener.adapter.HandlerAdapter.invoke(HandlerAdapter.java:48)
	at org.springframework.kafka.listener.adapter.MessagingMessageListenerAdapter.invokeHandler(MessagingMessageListenerAdapter.java:174)
	... 10 common frames omitted
2019-05-07 17:35:47 564  [ERROR] [org.springframework.kafka.KafkaListenerEndpointContainer#0-0-C-1] [o.s.k.l.LoggingErrorHandler:37] Error while processing: ConsumerRecord(topic = example1, partition = 0, offset = 57, CreateTime = 1557221711608, checksum = 1450829505, serialized key size = -1, serialized value size = 1435, key = null, value = {"data":[{"apply_risk_id":"1","apply_risk_apply_id":"1","apply_risk_apply_code":"1","apply_risk_source":"1","apply_risk_individual_id":"1","apply_risk_type":"0","apply_risk_period":"1","apply_risk_score":"0","apply_risk_result":"4","apply_risk_status":"1","apply_risk_created_at":"2019-05-07 17:34:44","apply_risk_updated_at":"2019-05-07 17:34:44","apply_risk_finished_at":"1000-01-01 00:00:00"}],"database":"riskdata","es":1557221684000,"id":1,"isDdl":false,"mysqlType":{"apply_risk_id":"int(11) unsigned","apply_risk_apply_id":"int(11) unsigned","apply_risk_apply_code":"varchar(64)","apply_risk_source":"tinyint(3) unsigned","apply_risk_individual_id":"int(11) unsigned","apply_risk_type":"tinyint(3) unsigned","apply_risk_period":"tinyint(3) unsigned","apply_risk_score":"varchar(11)","apply_risk_result":"enum('pass','refuse','manual','exception')","apply_risk_status":"tinyint(3) unsigned","apply_risk_created_at":"timestamp","apply_risk_updated_at":"timestamp","apply_risk_finished_at":"datetime"},"old":null,"pkNames":["apply_risk_id"],"sql":"","sqlType":{"apply_risk_id":4,"apply_risk_apply_id":4,"apply_risk_apply_code":12,"apply_risk_source":-6,"apply_risk_individual_id":4,"apply_risk_type":-6,"apply_risk_period":-6,"apply_risk_score":12,"apply_risk_result":4,"apply_risk_status":-6,"apply_risk_created_at":93,"apply_risk_updated_at":93,"apply_risk_finished_at":93},"table":"apply_risk","ts":1557221711310,"type":"INSERT"})
org.springframework.kafka.listener.ListenerExecutionFailedException: Listener method 'public void com.kuainiu.mysqlsyncfunnel.controller.KafkaConsumer.receive(java.lang.String)' threw exception; nested exception is java.lang.NullPointerException
	at org.springframework.kafka.listener.adapter.MessagingMessageListenerAdapter.invokeHandler(MessagingMessageListenerAdapter.java:188)
	at org.springframework.kafka.listener.adapter.RecordMessagingMessageListenerAdapter.onMessage(RecordMessagingMessageListenerAdapter.java:72)
	at org.springframework.kafka.listener.adapter.RecordMessagingMessageListenerAdapter.onMessage(RecordMessagingMessageListenerAdapter.java:47)
	at org.springframework.kafka.listener.KafkaMessageListenerContainer$ListenerConsumer.invokeRecordListener(KafkaMessageListenerContainer.java:792)
	at org.springframework.kafka.listener.KafkaMessageListenerContainer$ListenerConsumer.invokeListener(KafkaMessageListenerContainer.java:736)
	at org.springframework.kafka.listener.KafkaMessageListenerContainer$ListenerConsumer.run(KafkaMessageListenerContainer.java:568)
	at java.util.concurrent.Executors$RunnableAdapter.call$$$capture(Executors.java:511)
	at java.util.concurrent.Executors$RunnableAdapter.call(Executors.java)
	at java.util.concurrent.FutureTask.run$$$capture(FutureTask.java:266)
	at java.util.concurrent.FutureTask.run(FutureTask.java)
	at java.lang.Thread.run(Thread.java:748)
Caused by: java.lang.NullPointerException: null
	at com.kuainiu.mysqlsyncfunnel.dao.riskdata.MysqlDao.excuteSql(MysqlDao.java:20)
	at com.kuainiu.mysqlsyncfunnel.service.DataFilterService.solveMessage(DataFilterService.java:38)
	at com.kuainiu.mysqlsyncfunnel.controller.KafkaConsumer.receive(KafkaConsumer.java:19)
	at sun.reflect.NativeMethodAccessorImpl.invoke0(Native Method)
	at sun.reflect.NativeMethodAccessorImpl.invoke(NativeMethodAccessorImpl.java:62)
	at sun.reflect.DelegatingMethodAccessorImpl.invoke(DelegatingMethodAccessorImpl.java:43)
	at java.lang.reflect.Method.invoke(Method.java:498)
	at org.springframework.messaging.handler.invocation.InvocableHandlerMethod.doInvoke(InvocableHandlerMethod.java:180)
	at org.springframework.messaging.handler.invocation.InvocableHandlerMethod.invoke(InvocableHandlerMethod.java:112)
	at org.springframework.kafka.listener.adapter.HandlerAdapter.invoke(HandlerAdapter.java:48)
	at org.springframework.kafka.listener.adapter.MessagingMessageListenerAdapter.invokeHandler(MessagingMessageListenerAdapter.java:174)
	... 10 common frames omitted
2019-05-07 17:38:19 931  [ERROR] [org.springframework.kafka.KafkaListenerEndpointContainer#0-0-C-1] [c.k.m.c.KafkaConsumer:29] 发生异常:java.lang.NullPointerException数据[{"data":[{"apply_risk_id":"2","apply_risk_apply_id":"2","apply_risk_apply_code":"2","apply_risk_source":"2","apply_risk_individual_id":"2","apply_risk_type":"0","apply_risk_period":"1","apply_risk_score":"0","apply_risk_result":"4","apply_risk_status":"1","apply_risk_created_at":"2019-05-07 17:37:47","apply_risk_updated_at":"2019-05-07 17:37:47","apply_risk_finished_at":"1000-01-01 00:00:00"}],"database":"riskdata","es":1557221867000,"id":2,"isDdl":false,"mysqlType":{"apply_risk_id":"int(11) unsigned","apply_risk_apply_id":"int(11) unsigned","apply_risk_apply_code":"varchar(64)","apply_risk_source":"tinyint(3) unsigned","apply_risk_individual_id":"int(11) unsigned","apply_risk_type":"tinyint(3) unsigned","apply_risk_period":"tinyint(3) unsigned","apply_risk_score":"varchar(11)","apply_risk_result":"enum('pass','refuse','manual','exception')","apply_risk_status":"tinyint(3) unsigned","apply_risk_created_at":"timestamp","apply_risk_updated_at":"timestamp","apply_risk_finished_at":"datetime"},"old":null,"pkNames":["apply_risk_id"],"sql":"","sqlType":{"apply_risk_id":4,"apply_risk_apply_id":4,"apply_risk_apply_code":12,"apply_risk_source":-6,"apply_risk_individual_id":4,"apply_risk_type":-6,"apply_risk_period":-6,"apply_risk_score":12,"apply_risk_result":4,"apply_risk_status":-6,"apply_risk_created_at":93,"apply_risk_updated_at":93,"apply_risk_finished_at":93},"table":"apply_risk","ts":1557221867875,"type":"INSERT"}]
2019-05-07 17:38:49 092  [ERROR] [org.springframework.kafka.KafkaListenerEndpointContainer#0-0-C-1] [c.k.m.c.KafkaConsumer:29] 发生异常:java.lang.NullPointerException数据[{"data":[{"apply_risk_id":"2","apply_risk_apply_id":"2","apply_risk_apply_code":"2","apply_risk_source":"2","apply_risk_individual_id":"2","apply_risk_type":"0","apply_risk_period":"1","apply_risk_score":"0","apply_risk_result":"4","apply_risk_status":"1","apply_risk_created_at":"2019-05-07 17:37:47","apply_risk_updated_at":"2019-05-07 17:37:47","apply_risk_finished_at":"1000-01-01 00:00:00"}],"database":"riskdata","es":1557221867000,"id":2,"isDdl":false,"mysqlType":{"apply_risk_id":"int(11) unsigned","apply_risk_apply_id":"int(11) unsigned","apply_risk_apply_code":"varchar(64)","apply_risk_source":"tinyint(3) unsigned","apply_risk_individual_id":"int(11) unsigned","apply_risk_type":"tinyint(3) unsigned","apply_risk_period":"tinyint(3) unsigned","apply_risk_score":"varchar(11)","apply_risk_result":"enum('pass','refuse','manual','exception')","apply_risk_status":"tinyint(3) unsigned","apply_risk_created_at":"timestamp","apply_risk_updated_at":"timestamp","apply_risk_finished_at":"datetime"},"old":null,"pkNames":["apply_risk_id"],"sql":"","sqlType":{"apply_risk_id":4,"apply_risk_apply_id":4,"apply_risk_apply_code":12,"apply_risk_source":-6,"apply_risk_individual_id":4,"apply_risk_type":-6,"apply_risk_period":-6,"apply_risk_score":12,"apply_risk_result":4,"apply_risk_status":-6,"apply_risk_created_at":93,"apply_risk_updated_at":93,"apply_risk_finished_at":93},"table":"apply_risk","ts":1557221867875,"type":"INSERT"}]
2019-05-07 18:28:34 606  [ERROR] [org.springframework.kafka.KafkaListenerEndpointContainer#0-0-C-1] [c.k.m.c.KafkaConsumer:29] 发生异常:java.lang.NullPointerException数据[{"data":[{"biz_report_id":"5","biz_report_apply_risk_id":"5","biz_report_status":"5","biz_report_amount":"5","biz_report_expect_at":"1000-01-01 00:00:00","biz_report_time":"1000-01-01 00:00:00","biz_report_total_period":"0","biz_report_now_period":"0","biz_report_amount_due":"0","biz_report_check_status":"0","biz_report_created_at":"1000-01-01 00:00:00","biz_report_updated_at":"2019-05-07 18:26:46"},{"biz_report_id":"6","biz_report_apply_risk_id":"6","biz_report_status":"6","biz_report_amount":"6","biz_report_expect_at":"1000-01-01 00:00:00","biz_report_time":"1000-01-01 00:00:00","biz_report_total_period":"0","biz_report_now_period":"0","biz_report_amount_due":"0","biz_report_check_status":"0","biz_report_created_at":"1000-01-01 00:00:00","biz_report_updated_at":"2019-05-07 18:26:37"}],"database":"riskdata","es":1557224913000,"id":2,"isDdl":false,"mysqlType":{"biz_report_id":"bigint(20)","biz_report_apply_risk_id":"int(11)","biz_report_status":"int(11)","biz_report_amount":"bigint(20)","biz_report_expect_at":"datetime","biz_report_time":"datetime","biz_report_total_period":"int(11)","biz_report_now_period":"int(11)","biz_report_amount_due":"bigint(20)","biz_report_check_status":"tinyint(3)","biz_report_created_at":"datetime","biz_report_updated_at":"timestamp"},"old":null,"pkNames":["biz_report_id","biz_report_id"],"sql":"","sqlType":{"biz_report_id":-5,"biz_report_apply_risk_id":4,"biz_report_status":4,"biz_report_amount":-5,"biz_report_expect_at":93,"biz_report_time":93,"biz_report_total_period":4,"biz_report_now_period":4,"biz_report_amount_due":-5,"biz_report_check_status":-6,"biz_report_created_at":93,"biz_report_updated_at":93},"table":"biz_report","ts":1557224914274,"type":"DELETE"}]
2019-05-07 18:28:48 615  [ERROR] [org.springframework.kafka.KafkaListenerEndpointContainer#0-0-C-1] [c.k.m.c.KafkaConsumer:29] 发生异常:org.springframework.dao.EmptyResultDataAccessException: Incorrect result size: expected 1, actual 0数据[{"data":[{"biz_report_id":"6","biz_report_apply_risk_id":"6","biz_report_status":"6","biz_report_amount":"6","biz_report_expect_at":"1000-01-01 00:00:00","biz_report_time":"1000-01-01 00:00:00","biz_report_total_period":"0","biz_report_now_period":"0","biz_report_amount_due":"0","biz_report_check_status":"0","biz_report_created_at":"1000-01-01 00:00:00","biz_report_updated_at":"2019-05-07 18:28:48"}],"database":"riskdata","es":1557224928000,"id":3,"isDdl":false,"mysqlType":{"biz_report_id":"bigint(20)","biz_report_apply_risk_id":"int(11)","biz_report_status":"int(11)","biz_report_amount":"bigint(20)","biz_report_expect_at":"datetime","biz_report_time":"datetime","biz_report_total_period":"int(11)","biz_report_now_period":"int(11)","biz_report_amount_due":"bigint(20)","biz_report_check_status":"tinyint(3)","biz_report_created_at":"datetime","biz_report_updated_at":"timestamp"},"old":null,"pkNames":["biz_report_id"],"sql":"","sqlType":{"biz_report_id":-5,"biz_report_apply_risk_id":4,"biz_report_status":4,"biz_report_amount":-5,"biz_report_expect_at":93,"biz_report_time":93,"biz_report_total_period":4,"biz_report_now_period":4,"biz_report_amount_due":-5,"biz_report_check_status":-6,"biz_report_created_at":93,"biz_report_updated_at":93},"table":"biz_report","ts":1557224928587,"type":"INSERT"}]
2019-05-07 19:51:01 486  [ERROR] [org.springframework.kafka.KafkaListenerEndpointContainer#0-0-C-1] [c.k.m.c.KafkaConsumer:30] 发生异常:org.springframework.dao.EmptyResultDataAccessException: Incorrect result size: expected 1, actual 0数据[{"data":[{"biz_report_id":"45813073","biz_report_apply_risk_id":"62497342","biz_report_status":"2","biz_report_amount":"0","biz_report_expect_at":"2019-06-06 00:00:00","biz_report_time":"1000-01-01 00:00:00","biz_report_total_period":"1","biz_report_now_period":"1","biz_report_amount_due":"200000","biz_report_check_status":"0","biz_report_created_at":"2019-05-07 19:42:00","biz_report_updated_at":"2019-05-07 19:42:00"}],"database":"riskdata","es":1557229320000,"id":679,"isDdl":false,"mysqlType":{"biz_report_id":"bigint(20)","biz_report_apply_risk_id":"int(11)","biz_report_status":"int(11)","biz_report_amount":"bigint(20)","biz_report_expect_at":"datetime","biz_report_time":"datetime","biz_report_total_period":"int(11)","biz_report_now_period":"int(11)","biz_report_amount_due":"bigint(20)","biz_report_check_status":"tinyint(3)","biz_report_created_at":"datetime","biz_report_updated_at":"timestamp"},"old":null,"pkNames":["biz_report_id"],"sql":"","sqlType":{"biz_report_id":-5,"biz_report_apply_risk_id":4,"biz_report_status":4,"biz_report_amount":-5,"biz_report_expect_at":93,"biz_report_time":93,"biz_report_total_period":4,"biz_report_now_period":4,"biz_report_amount_due":-5,"biz_report_check_status":-6,"biz_report_created_at":93,"biz_report_updated_at":93},"table":"biz_report","ts":1557229320120,"type":"INSERT"}]
2019-05-07 20:02:28 876  [ERROR] [org.springframework.kafka.KafkaListenerEndpointContainer#0-0-C-1] [c.k.m.c.KafkaConsumer:30] 发生异常:org.springframework.dao.EmptyResultDataAccessException: Incorrect result size: expected 1, actual 0数据[{"data":[{"biz_report_id":"45813073","biz_report_apply_risk_id":"62497342","biz_report_status":"2","biz_report_amount":"0","biz_report_expect_at":"2019-06-06 00:00:00","biz_report_time":"1000-01-01 00:00:00","biz_report_total_period":"1","biz_report_now_period":"1","biz_report_amount_due":"200000","biz_report_check_status":"0","biz_report_created_at":"2019-05-07 19:42:00","biz_report_updated_at":"2019-05-07 19:42:00"}],"database":"riskdata","es":1557229320000,"id":679,"isDdl":false,"mysqlType":{"biz_report_id":"bigint(20)","biz_report_apply_risk_id":"int(11)","biz_report_status":"int(11)","biz_report_amount":"bigint(20)","biz_report_expect_at":"datetime","biz_report_time":"datetime","biz_report_total_period":"int(11)","biz_report_now_period":"int(11)","biz_report_amount_due":"bigint(20)","biz_report_check_status":"tinyint(3)","biz_report_created_at":"datetime","biz_report_updated_at":"timestamp"},"old":null,"pkNames":["biz_report_id"],"sql":"","sqlType":{"biz_report_id":-5,"biz_report_apply_risk_id":4,"biz_report_status":4,"biz_report_amount":-5,"biz_report_expect_at":93,"biz_report_time":93,"biz_report_total_period":4,"biz_report_now_period":4,"biz_report_amount_due":-5,"biz_report_check_status":-6,"biz_report_created_at":93,"biz_report_updated_at":93},"table":"biz_report","ts":1557229320120,"type":"INSERT"}]
2019-05-07 20:02:28 892  [ERROR] [org.springframework.kafka.KafkaListenerEndpointContainer#0-0-C-1] [c.k.m.c.KafkaConsumer:30] 发生异常:org.springframework.dao.EmptyResultDataAccessException: Incorrect result size: expected 1, actual 0数据[{"data":[{"biz_report_id":"45813073","biz_report_apply_risk_id":"62497342","biz_report_status":"2","biz_report_amount":"0","biz_report_expect_at":"2019-06-06 00:00:00","biz_report_time":"1000-01-01 00:00:00","biz_report_total_period":"1","biz_report_now_period":"1","biz_report_amount_due":"200000","biz_report_check_status":"0","biz_report_created_at":"2019-05-07 19:42:00","biz_report_updated_at":"2019-05-07 19:42:00"}],"database":"riskdata","es":1557229320000,"id":679,"isDdl":false,"mysqlType":{"biz_report_id":"bigint(20)","biz_report_apply_risk_id":"int(11)","biz_report_status":"int(11)","biz_report_amount":"bigint(20)","biz_report_expect_at":"datetime","biz_report_time":"datetime","biz_report_total_period":"int(11)","biz_report_now_period":"int(11)","biz_report_amount_due":"bigint(20)","biz_report_check_status":"tinyint(3)","biz_report_created_at":"datetime","biz_report_updated_at":"timestamp"},"old":null,"pkNames":["biz_report_id"],"sql":"","sqlType":{"biz_report_id":-5,"biz_report_apply_risk_id":4,"biz_report_status":4,"biz_report_amount":-5,"biz_report_expect_at":93,"biz_report_time":93,"biz_report_total_period":4,"biz_report_now_period":4,"biz_report_amount_due":-5,"biz_report_check_status":-6,"biz_report_created_at":93,"biz_report_updated_at":93},"table":"biz_report","ts":1557229320120,"type":"INSERT"}]
2019-05-07 20:14:37 745  [ERROR] [org.springframework.kafka.KafkaListenerEndpointContainer#0-0-C-1] [c.k.m.s.DataFilterService:55] sql执行异常:org.springframework.dao.DuplicateKeyException: StatementCallback; SQL [insert into apply_risk(apply_risk_individual_id,apply_risk_apply_code,apply_risk_created_at,apply_risk_type,apply_risk_finished_at,apply_risk_source,apply_risk_id,apply_risk_result,apply_risk_apply_id,apply_risk_status,apply_risk_updated_at,apply_risk_score,apply_risk_period) values('7','7','2019-05-07 18:35:43','0','1000-01-01 00:00:00','2','7','4','7','1','2019-05-07 18:35:43','0','1')]; Duplicate entry '7' for key 'PRIMARY'; nested exception is java.sql.SQLIntegrityConstraintViolationException: Duplicate entry '7' for key 'PRIMARY'sql内容[insert into apply_risk(apply_risk_individual_id,apply_risk_apply_code,apply_risk_created_at,apply_risk_type,apply_risk_finished_at,apply_risk_source,apply_risk_id,apply_risk_result,apply_risk_apply_id,apply_risk_status,apply_risk_updated_at,apply_risk_score,apply_risk_period) values('7','7','2019-05-07 18:35:43','0','1000-01-01 00:00:00','2','7','4','7','1','2019-05-07 18:35:43','0','1')]
2019-05-07 20:35:22 396  [ERROR] [org.springframework.kafka.KafkaListenerEndpointContainer#0-0-C-1] [c.k.m.c.KafkaConsumer:28] 发生异常:java.lang.NullPointerException数据[{"data":[{"apply_risk_id":"11","apply_risk_apply_id":"1","apply_risk_apply_code":"11","apply_risk_source":"2","apply_risk_individual_id":"11","apply_risk_type":"0","apply_risk_period":"1","apply_risk_score":"0","apply_risk_result":"4","apply_risk_status":"1","apply_risk_created_at":"2019-05-07 20:14:25","apply_risk_updated_at":"2019-05-07 20:14:25","apply_risk_finished_at":"1000-01-01 00:00:00"}],"database":"riskdata","es":1557232519000,"id":12,"isDdl":false,"mysqlType":{"apply_risk_id":"int(11) unsigned","apply_risk_apply_id":"int(11) unsigned","apply_risk_apply_code":"varchar(64)","apply_risk_source":"tinyint(3) unsigned","apply_risk_individual_id":"int(11) unsigned","apply_risk_type":"tinyint(3) unsigned","apply_risk_period":"tinyint(3) unsigned","apply_risk_score":"varchar(11)","apply_risk_result":"enum('pass','refuse','manual','exception')","apply_risk_status":"tinyint(3) unsigned","apply_risk_created_at":"timestamp","apply_risk_updated_at":"timestamp","apply_risk_finished_at":"datetime"},"old":null,"pkNames":["apply_risk_id"],"sql":"","sqlType":{"apply_risk_id":4,"apply_risk_apply_id":4,"apply_risk_apply_code":12,"apply_risk_source":-6,"apply_risk_individual_id":4,"apply_risk_type":-6,"apply_risk_period":-6,"apply_risk_score":12,"apply_risk_result":4,"apply_risk_status":-6,"apply_risk_created_at":93,"apply_risk_updated_at":93,"apply_risk_finished_at":93},"table":"apply_risk","ts":1557232519766,"type":"DELETE"}]
2019-05-07 20:36:32 181  [ERROR] [org.springframework.kafka.KafkaListenerEndpointContainer#0-0-C-1] [c.k.m.c.KafkaConsumer:28] 发生异常:java.lang.NullPointerException数据[{"data":[{"apply_risk_id":"11","apply_risk_apply_id":"1","apply_risk_apply_code":"11","apply_risk_source":"2","apply_risk_individual_id":"11","apply_risk_type":"0","apply_risk_period":"1","apply_risk_score":"0","apply_risk_result":"4","apply_risk_status":"1","apply_risk_created_at":"2019-05-07 20:14:25","apply_risk_updated_at":"2019-05-07 20:14:25","apply_risk_finished_at":"1000-01-01 00:00:00"}],"database":"riskdata","es":1557232519000,"id":12,"isDdl":false,"mysqlType":{"apply_risk_id":"int(11) unsigned","apply_risk_apply_id":"int(11) unsigned","apply_risk_apply_code":"varchar(64)","apply_risk_source":"tinyint(3) unsigned","apply_risk_individual_id":"int(11) unsigned","apply_risk_type":"tinyint(3) unsigned","apply_risk_period":"tinyint(3) unsigned","apply_risk_score":"varchar(11)","apply_risk_result":"enum('pass','refuse','manual','exception')","apply_risk_status":"tinyint(3) unsigned","apply_risk_created_at":"timestamp","apply_risk_updated_at":"timestamp","apply_risk_finished_at":"datetime"},"old":null,"pkNames":["apply_risk_id"],"sql":"","sqlType":{"apply_risk_id":4,"apply_risk_apply_id":4,"apply_risk_apply_code":12,"apply_risk_source":-6,"apply_risk_individual_id":4,"apply_risk_type":-6,"apply_risk_period":-6,"apply_risk_score":12,"apply_risk_result":4,"apply_risk_status":-6,"apply_risk_created_at":93,"apply_risk_updated_at":93,"apply_risk_finished_at":93},"table":"apply_risk","ts":1557232519766,"type":"DELETE"}]
2019-05-07 20:36:43 140  [ERROR] [org.springframework.kafka.KafkaListenerEndpointContainer#0-0-C-1] [c.k.m.c.KafkaConsumer:28] 发生异常:java.lang.NullPointerException数据[{"data":[{"apply_risk_id":"11","apply_risk_apply_id":"1","apply_risk_apply_code":"11","apply_risk_source":"2","apply_risk_individual_id":"11","apply_risk_type":"0","apply_risk_period":"1","apply_risk_score":"0","apply_risk_result":"4","apply_risk_status":"1","apply_risk_created_at":"2019-05-07 20:14:25","apply_risk_updated_at":"2019-05-07 20:14:25","apply_risk_finished_at":"1000-01-01 00:00:00"}],"database":"riskdata","es":1557232519000,"id":12,"isDdl":false,"mysqlType":{"apply_risk_id":"int(11) unsigned","apply_risk_apply_id":"int(11) unsigned","apply_risk_apply_code":"varchar(64)","apply_risk_source":"tinyint(3) unsigned","apply_risk_individual_id":"int(11) unsigned","apply_risk_type":"tinyint(3) unsigned","apply_risk_period":"tinyint(3) unsigned","apply_risk_score":"varchar(11)","apply_risk_result":"enum('pass','refuse','manual','exception')","apply_risk_status":"tinyint(3) unsigned","apply_risk_created_at":"timestamp","apply_risk_updated_at":"timestamp","apply_risk_finished_at":"datetime"},"old":null,"pkNames":["apply_risk_id"],"sql":"","sqlType":{"apply_risk_id":4,"apply_risk_apply_id":4,"apply_risk_apply_code":12,"apply_risk_source":-6,"apply_risk_individual_id":4,"apply_risk_type":-6,"apply_risk_period":-6,"apply_risk_score":12,"apply_risk_result":4,"apply_risk_status":-6,"apply_risk_created_at":93,"apply_risk_updated_at":93,"apply_risk_finished_at":93},"table":"apply_risk","ts":1557232519766,"type":"DELETE"}]
2019-05-07 20:38:21 058  [ERROR] [org.springframework.kafka.KafkaListenerEndpointContainer#0-0-C-1] [c.k.m.c.KafkaConsumer:28] 发生异常:java.lang.NullPointerException数据[{"data":[{"apply_risk_id":"7","apply_risk_apply_id":"7","apply_risk_apply_code":"7","apply_risk_source":"2","apply_risk_individual_id":"7","apply_risk_type":"0","apply_risk_period":"1","apply_risk_score":"0","apply_risk_result":"4","apply_risk_status":"1","apply_risk_created_at":"2019-05-07 18:35:43","apply_risk_updated_at":"2019-05-07 18:35:43","apply_risk_finished_at":"1000-01-01 00:00:00"}],"database":"riskdata","es":1557232621000,"id":13,"isDdl":false,"mysqlType":{"apply_risk_id":"int(11) unsigned","apply_risk_apply_id":"int(11) unsigned","apply_risk_apply_code":"varchar(64)","apply_risk_source":"tinyint(3) unsigned","apply_risk_individual_id":"int(11) unsigned","apply_risk_type":"tinyint(3) unsigned","apply_risk_period":"tinyint(3) unsigned","apply_risk_score":"varchar(11)","apply_risk_result":"enum('pass','refuse','manual','exception')","apply_risk_status":"tinyint(3) unsigned","apply_risk_created_at":"timestamp","apply_risk_updated_at":"timestamp","apply_risk_finished_at":"datetime"},"old":null,"pkNames":["apply_risk_id"],"sql":"","sqlType":{"apply_risk_id":4,"apply_risk_apply_id":4,"apply_risk_apply_code":12,"apply_risk_source":-6,"apply_risk_individual_id":4,"apply_risk_type":-6,"apply_risk_period":-6,"apply_risk_score":12,"apply_risk_result":4,"apply_risk_status":-6,"apply_risk_created_at":93,"apply_risk_updated_at":93,"apply_risk_finished_at":93},"table":"apply_risk","ts":1557232621246,"type":"DELETE"}]
2019-05-07 20:38:21 094  [ERROR] [org.springframework.kafka.KafkaListenerEndpointContainer#0-0-C-1] [c.k.m.c.KafkaConsumer:28] 发生异常:java.lang.NullPointerException数据[{"data":[{"apply_risk_id":"7","apply_risk_apply_id":"7","apply_risk_apply_code":"7","apply_risk_source":"2","apply_risk_individual_id":"7","apply_risk_type":"0","apply_risk_period":"1","apply_risk_score":"0","apply_risk_result":"4","apply_risk_status":"1","apply_risk_created_at":"2019-05-07 18:35:43","apply_risk_updated_at":"2019-05-07 18:35:43","apply_risk_finished_at":"1000-01-01 00:00:00"}],"database":"riskdata","es":1557232621000,"id":13,"isDdl":false,"mysqlType":{"apply_risk_id":"int(11) unsigned","apply_risk_apply_id":"int(11) unsigned","apply_risk_apply_code":"varchar(64)","apply_risk_source":"tinyint(3) unsigned","apply_risk_individual_id":"int(11) unsigned","apply_risk_type":"tinyint(3) unsigned","apply_risk_period":"tinyint(3) unsigned","apply_risk_score":"varchar(11)","apply_risk_result":"enum('pass','refuse','manual','exception')","apply_risk_status":"tinyint(3) unsigned","apply_risk_created_at":"timestamp","apply_risk_updated_at":"timestamp","apply_risk_finished_at":"datetime"},"old":null,"pkNames":["apply_risk_id"],"sql":"","sqlType":{"apply_risk_id":4,"apply_risk_apply_id":4,"apply_risk_apply_code":12,"apply_risk_source":-6,"apply_risk_individual_id":4,"apply_risk_type":-6,"apply_risk_period":-6,"apply_risk_score":12,"apply_risk_result":4,"apply_risk_status":-6,"apply_risk_created_at":93,"apply_risk_updated_at":93,"apply_risk_finished_at":93},"table":"apply_risk","ts":1557232621246,"type":"DELETE"}]
2019-05-07 20:40:33 653  [ERROR] [org.springframework.kafka.KafkaListenerEndpointContainer#0-0-C-1] [c.k.m.s.DataFilterService:54] sql执行异常:org.springframework.jdbc.BadSqlGrammarException: StatementCallback; bad SQL grammar [delete  fromapply_riskapply_risk_id='7']; nested exception is java.sql.SQLSyntaxErrorException: You have an error in your SQL syntax; check the manual that corresponds to your MySQL server version for the right syntax to use near '='7'' at line 1sql内容[delete  fromapply_riskapply_risk_id='7']
2019-05-07 20:41:10 191  [ERROR] [org.springframework.kafka.KafkaListenerEndpointContainer#0-0-C-1] [c.k.m.s.DataFilterService:54] sql执行异常:org.springframework.jdbc.BadSqlGrammarException: StatementCallback; bad SQL grammar [delete  from  apply_riskapply_risk_id='7']; nested exception is java.sql.SQLSyntaxErrorException: You have an error in your SQL syntax; check the manual that corresponds to your MySQL server version for the right syntax to use near '='7'' at line 1sql内容[delete  from  apply_riskapply_risk_id='7']
2019-05-07 20:43:46 762  [ERROR] [org.springframework.kafka.KafkaListenerEndpointContainer#0-0-C-1] [c.k.m.s.DataFilterService:57] sql执行异常:org.springframework.jdbc.BadSqlGrammarException: StatementCallback; bad SQL grammar [delete  from  apply_riskapply_risk_id='3']; nested exception is java.sql.SQLSyntaxErrorException: You have an error in your SQL syntax; check the manual that corresponds to your MySQL server version for the right syntax to use near '='3'' at line 1sql内容[delete  from  apply_riskapply_risk_id='3']
2019-05-07 21:03:44 961  [ERROR] [org.springframework.kafka.KafkaListenerEndpointContainer#0-0-C-1] [c.k.m.c.KafkaConsumer:28] 发生异常:java.lang.IllegalStateException: Not a JSON Array: null数据[{"data":null,"database":"riskdata","es":1557234224000,"id":30,"isDdl":true,"mysqlType":null,"old":null,"pkNames":null,"sql":"ALTER TABLE `riskdata`.`apply_risk` \nMODIFY COLUMN `apply_risk_score` text CHARACTER SET utf8mb4 COLLATE utf8mb4_0900_ai_ci NULL COMMENT '申请的风险分数' AFTER `apply_risk_period`","sqlType":null,"table":"apply_risk","ts":1557234224956,"type":"ALTER"}]
2019-05-07 21:12:37 062  [ERROR] [org.springframework.kafka.KafkaListenerEndpointContainer#0-0-C-1] [c.k.m.s.DataFilterService:56] sql执行异常:org.springframework.dao.DuplicateKeyException: StatementCallback; SQL [insert into apply_risk(apply_risk_individual_id,apply_risk_apply_code,apply_risk_created_at,apply_risk_type,apply_risk_finished_at,apply_risk_source,apply_risk_id,apply_risk_result,apply_risk_apply_id,apply_risk_status,apply_risk_updated_at,apply_risk_score,apply_risk_period) values('2','2','2019-05-07 21:07:16','0','1000-01-01 00:00:00','2','2','4','2','1','2019-05-07 21:07:16','null','1')]; Duplicate entry '2' for key 'PRIMARY'; nested exception is java.sql.SQLIntegrityConstraintViolationException: Duplicate entry '2' for key 'PRIMARY'sql内容[insert into apply_risk(apply_risk_individual_id,apply_risk_apply_code,apply_risk_created_at,apply_risk_type,apply_risk_finished_at,apply_risk_source,apply_risk_id,apply_risk_result,apply_risk_apply_id,apply_risk_status,apply_risk_updated_at,apply_risk_score,apply_risk_period) values('2','2','2019-05-07 21:07:16','0','1000-01-01 00:00:00','2','2','4','2','1','2019-05-07 21:07:16','null','1')]
2019-05-07 21:12:50 910  [ERROR] [org.springframework.kafka.KafkaListenerEndpointContainer#0-0-C-1] [c.k.m.s.DataFilterService:56] sql执行异常:org.springframework.dao.DuplicateKeyException: StatementCallback; SQL [insert into apply_risk(apply_risk_individual_id,apply_risk_apply_code,apply_risk_created_at,apply_risk_type,apply_risk_finished_at,apply_risk_source,apply_risk_id,apply_risk_result,apply_risk_apply_id,apply_risk_status,apply_risk_updated_at,apply_risk_score,apply_risk_period) values('2','2','2019-05-07 21:07:16','0','1000-01-01 00:00:00','2','2','4','2','1','2019-05-07 21:07:16','null','1')]; Duplicate entry '2' for key 'PRIMARY'; nested exception is java.sql.SQLIntegrityConstraintViolationException: Duplicate entry '2' for key 'PRIMARY'sql内容[insert into apply_risk(apply_risk_individual_id,apply_risk_apply_code,apply_risk_created_at,apply_risk_type,apply_risk_finished_at,apply_risk_source,apply_risk_id,apply_risk_result,apply_risk_apply_id,apply_risk_status,apply_risk_updated_at,apply_risk_score,apply_risk_period) values('2','2','2019-05-07 21:07:16','0','1000-01-01 00:00:00','2','2','4','2','1','2019-05-07 21:07:16','null','1')]
2019-05-07 21:14:06 528  [ERROR] [org.springframework.kafka.KafkaListenerEndpointContainer#0-0-C-1] [c.k.m.c.KafkaConsumer:28] 发生异常:java.lang.IllegalStateException: Not a JSON Array: null数据[{"data":null,"database":"riskdata","es":1557234833000,"id":35,"isDdl":true,"mysqlType":null,"old":null,"pkNames":null,"sql":"ALTER TABLE `riskdata`.`apply_risk` \nMODIFY COLUMN `apply_risk_score` blob NULL COMMENT '申请的风险分数' AFTER `apply_risk_period`","sqlType":null,"table":"apply_risk","ts":1557234833232,"type":"ALTER"}]
